2023-07-31 15:17:45,895.continuous_stock.INFO =============================================================
2023-07-31 15:17:45,896.continuous_stock.INFO Today is 2023-07-31 at 03:17 PM
2023-07-31 15:17:45,896.continuous_stock.INFO This file is running on: nt Windows 10
2023-07-31 15:17:45,897.continuous_stock.INFO The Python version is: 3.11.4
2023-07-31 15:17:45,897.continuous_stock.INFO The active environment path is:   C:\Users\MattGoeckel\AppData\Local\anaconda\envs\cint
2023-07-31 15:17:45,898.continuous_stock.INFO The current working directory is: C:\Users\MattGoeckel\OneDrive\Documents\Northwest Missouri State\Continuous Intelligence\Module 5\cintel-05-live-updates
2023-07-31 15:17:45,898.continuous_stock.INFO =============================================================
2023-07-31 15:17:58,229.continuous_stock.INFO Calling update_csv_stock
2023-07-31 15:17:58,229.continuous_stock.INFO update_interval: 60
2023-07-31 15:17:58,230.continuous_stock.INFO total_runtime: 900
2023-07-31 15:17:58,230.continuous_stock.INFO num_updates: 10
2023-07-31 15:17:58,231.continuous_stock.INFO Initialized csv file at C:\Users\MattGoeckel\OneDrive\Documents\Northwest Missouri State\Continuous Intelligence\Module 5\cintel-05-live-updates\data\mtcars_stock.csv
2023-07-31 15:17:58,232.continuous_stock.INFO Calling get_stock_price for {ticker}}
2023-07-31 15:17:58,434.continuous_stock.INFO Calling get_stock_price for {ticker}}
2023-07-31 15:17:58,654.continuous_stock.INFO Calling get_stock_price for {ticker}}
2023-07-31 15:17:58,969.continuous_stock.INFO Calling get_stock_price for {ticker}}
2023-07-31 15:17:59,418.continuous_stock.INFO Calling get_stock_price for {ticker}}
2023-07-31 15:17:59,923.continuous_stock.INFO Saving stocks to C:\Users\MattGoeckel\OneDrive\Documents\Northwest Missouri State\Continuous Intelligence\Module 5\cintel-05-live-updates\data\mtcars_stock.csv
2023-07-31 15:18:59,920.continuous_stock.INFO Calling get_stock_price for {ticker}}
2023-07-31 15:19:00,111.continuous_stock.INFO Calling get_stock_price for {ticker}}
2023-07-31 15:19:00,427.continuous_stock.INFO Calling get_stock_price for {ticker}}
2023-07-31 15:19:00,800.continuous_stock.INFO Calling get_stock_price for {ticker}}
2023-07-31 15:19:01,016.continuous_stock.INFO Calling get_stock_price for {ticker}}
2023-07-31 15:19:01,424.continuous_stock.INFO Saving stocks to C:\Users\MattGoeckel\OneDrive\Documents\Northwest Missouri State\Continuous Intelligence\Module 5\cintel-05-live-updates\data\mtcars_stock.csv
2023-07-31 15:20:01,420.continuous_stock.INFO Calling get_stock_price for {ticker}}
2023-07-31 15:20:01,615.continuous_stock.INFO Calling get_stock_price for {ticker}}
2023-07-31 15:20:01,865.continuous_stock.INFO Calling get_stock_price for {ticker}}
2023-07-31 15:20:02,115.continuous_stock.INFO Calling get_stock_price for {ticker}}
2023-07-31 15:20:02,295.continuous_stock.INFO Calling get_stock_price for {ticker}}
2023-07-31 15:20:02,843.continuous_stock.INFO Saving stocks to C:\Users\MattGoeckel\OneDrive\Documents\Northwest Missouri State\Continuous Intelligence\Module 5\cintel-05-live-updates\data\mtcars_stock.csv
2023-07-31 15:21:02,847.continuous_stock.INFO Calling get_stock_price for {ticker}}
2023-07-31 15:21:03,364.continuous_stock.INFO Calling get_stock_price for {ticker}}
2023-07-31 15:21:03,579.continuous_stock.INFO Calling get_stock_price for {ticker}}
2023-07-31 15:21:03,964.continuous_stock.INFO Calling get_stock_price for {ticker}}
2023-07-31 15:21:04,138.continuous_stock.INFO Calling get_stock_price for {ticker}}
2023-07-31 15:21:04,614.continuous_stock.INFO Saving stocks to C:\Users\MattGoeckel\OneDrive\Documents\Northwest Missouri State\Continuous Intelligence\Module 5\cintel-05-live-updates\data\mtcars_stock.csv
2023-07-31 15:22:04,611.continuous_stock.INFO Calling get_stock_price for {ticker}}
2023-07-31 15:22:04,774.continuous_stock.INFO Calling get_stock_price for {ticker}}
2023-07-31 15:22:05,081.continuous_stock.INFO Calling get_stock_price for {ticker}}
2023-07-31 15:22:05,404.continuous_stock.INFO Calling get_stock_price for {ticker}}
2023-07-31 15:22:05,581.continuous_stock.INFO Calling get_stock_price for {ticker}}
2023-07-31 15:22:05,949.continuous_stock.INFO Saving stocks to C:\Users\MattGoeckel\OneDrive\Documents\Northwest Missouri State\Continuous Intelligence\Module 5\cintel-05-live-updates\data\mtcars_stock.csv
2023-07-31 15:23:05,953.continuous_stock.INFO Calling get_stock_price for {ticker}}
2023-07-31 15:23:06,317.continuous_stock.INFO Calling get_stock_price for {ticker}}
2023-07-31 15:23:06,515.continuous_stock.INFO Calling get_stock_price for {ticker}}
2023-07-31 15:23:06,968.continuous_stock.INFO Calling get_stock_price for {ticker}}
2023-07-31 15:23:07,132.continuous_stock.INFO Calling get_stock_price for {ticker}}
2023-07-31 15:23:08,057.continuous_stock.INFO Saving stocks to C:\Users\MattGoeckel\OneDrive\Documents\Northwest Missouri State\Continuous Intelligence\Module 5\cintel-05-live-updates\data\mtcars_stock.csv
2023-07-31 15:24:08,060.continuous_stock.INFO Calling get_stock_price for {ticker}}
2023-07-31 15:24:08,254.continuous_stock.INFO Calling get_stock_price for {ticker}}
2023-07-31 15:24:08,478.continuous_stock.INFO Calling get_stock_price for {ticker}}
2023-07-31 15:24:09,151.continuous_stock.INFO Calling get_stock_price for {ticker}}
2023-07-31 15:24:09,342.continuous_stock.INFO Calling get_stock_price for {ticker}}
2023-07-31 15:24:09,577.continuous_stock.INFO Saving stocks to C:\Users\MattGoeckel\OneDrive\Documents\Northwest Missouri State\Continuous Intelligence\Module 5\cintel-05-live-updates\data\mtcars_stock.csv
2023-07-31 15:25:09,573.continuous_stock.INFO Calling get_stock_price for {ticker}}
2023-07-31 15:25:09,843.continuous_stock.INFO Calling get_stock_price for {ticker}}
2023-07-31 15:25:10,048.continuous_stock.INFO Calling get_stock_price for {ticker}}
2023-07-31 15:25:10,378.continuous_stock.INFO Calling get_stock_price for {ticker}}
2023-07-31 15:25:10,559.continuous_stock.INFO Calling get_stock_price for {ticker}}
2023-07-31 15:25:10,758.continuous_stock.INFO Saving stocks to C:\Users\MattGoeckel\OneDrive\Documents\Northwest Missouri State\Continuous Intelligence\Module 5\cintel-05-live-updates\data\mtcars_stock.csv
2023-07-31 15:26:10,768.continuous_stock.INFO Calling get_stock_price for {ticker}}
2023-07-31 15:26:10,941.continuous_stock.INFO Calling get_stock_price for {ticker}}
2023-07-31 15:26:11,221.continuous_stock.INFO Calling get_stock_price for {ticker}}
2023-07-31 15:26:11,457.continuous_stock.INFO Calling get_stock_price for {ticker}}
2023-07-31 15:26:11,602.continuous_stock.INFO Calling get_stock_price for {ticker}}
2023-07-31 15:26:12,134.continuous_stock.INFO Saving stocks to C:\Users\MattGoeckel\OneDrive\Documents\Northwest Missouri State\Continuous Intelligence\Module 5\cintel-05-live-updates\data\mtcars_stock.csv
2023-07-31 15:27:12,118.continuous_stock.INFO Calling get_stock_price for {ticker}}
2023-07-31 15:27:12,395.continuous_stock.INFO Calling get_stock_price for {ticker}}
2023-07-31 15:27:12,895.continuous_stock.INFO Calling get_stock_price for {ticker}}
2023-07-31 15:27:13,155.continuous_stock.INFO Calling get_stock_price for {ticker}}
2023-07-31 15:27:13,406.continuous_stock.INFO Calling get_stock_price for {ticker}}
2023-07-31 15:27:13,759.continuous_stock.INFO Saving stocks to C:\Users\MattGoeckel\OneDrive\Documents\Northwest Missouri State\Continuous Intelligence\Module 5\cintel-05-live-updates\data\mtcars_stock.csv
2023-07-31 15:29:13,753.continuous_stock.INFO Calling update_csv_stock
2023-07-31 15:29:13,753.continuous_stock.INFO update_interval: 60
2023-07-31 15:29:13,753.continuous_stock.INFO total_runtime: 900
2023-07-31 15:29:13,753.continuous_stock.INFO num_updates: 10
2023-07-31 15:29:13,753.continuous_stock.INFO Initialized csv file at C:\Users\MattGoeckel\OneDrive\Documents\Northwest Missouri State\Continuous Intelligence\Module 5\cintel-05-live-updates\data\mtcars_stock.csv
2023-07-31 15:29:13,754.continuous_stock.INFO Calling get_stock_price for {ticker}}
2023-07-31 15:29:14,068.continuous_stock.INFO Calling get_stock_price for {ticker}}
2023-07-31 15:29:14,460.continuous_stock.INFO Calling get_stock_price for {ticker}}
2023-07-31 15:29:14,828.continuous_stock.INFO Calling get_stock_price for {ticker}}
2023-07-31 15:29:14,981.continuous_stock.INFO Calling get_stock_price for {ticker}}
2023-07-31 15:29:15,196.continuous_stock.INFO Saving stocks to C:\Users\MattGoeckel\OneDrive\Documents\Northwest Missouri State\Continuous Intelligence\Module 5\cintel-05-live-updates\data\mtcars_stock.csv
2023-07-31 15:30:15,205.continuous_stock.INFO Calling get_stock_price for {ticker}}
2023-07-31 15:30:15,425.continuous_stock.INFO Calling get_stock_price for {ticker}}
2023-07-31 15:30:15,761.continuous_stock.INFO Calling get_stock_price for {ticker}}
2023-07-31 15:30:16,116.continuous_stock.INFO Calling get_stock_price for {ticker}}
2023-07-31 15:30:16,352.continuous_stock.INFO Calling get_stock_price for {ticker}}
2023-07-31 15:30:16,661.continuous_stock.INFO Saving stocks to C:\Users\MattGoeckel\OneDrive\Documents\Northwest Missouri State\Continuous Intelligence\Module 5\cintel-05-live-updates\data\mtcars_stock.csv
2023-07-31 15:31:16,672.continuous_stock.INFO Calling get_stock_price for {ticker}}
2023-07-31 15:31:16,942.continuous_stock.INFO Calling get_stock_price for {ticker}}
2023-07-31 15:31:17,566.continuous_stock.INFO Calling get_stock_price for {ticker}}
2023-07-31 15:31:17,798.continuous_stock.INFO Calling get_stock_price for {ticker}}
2023-07-31 15:31:18,261.continuous_stock.INFO Calling get_stock_price for {ticker}}
2023-07-31 15:31:18,562.continuous_stock.INFO Saving stocks to C:\Users\MattGoeckel\OneDrive\Documents\Northwest Missouri State\Continuous Intelligence\Module 5\cintel-05-live-updates\data\mtcars_stock.csv
2023-07-31 15:32:18,568.continuous_stock.INFO Calling get_stock_price for {ticker}}
2023-07-31 15:32:18,926.continuous_stock.INFO Calling get_stock_price for {ticker}}
2023-07-31 15:32:19,137.continuous_stock.INFO Calling get_stock_price for {ticker}}
2023-07-31 15:32:19,497.continuous_stock.INFO Calling get_stock_price for {ticker}}
2023-07-31 15:32:19,714.continuous_stock.INFO Calling get_stock_price for {ticker}}
2023-07-31 15:32:19,926.continuous_stock.INFO Saving stocks to C:\Users\MattGoeckel\OneDrive\Documents\Northwest Missouri State\Continuous Intelligence\Module 5\cintel-05-live-updates\data\mtcars_stock.csv
2023-07-31 15:33:19,923.continuous_stock.INFO Calling get_stock_price for {ticker}}
2023-07-31 15:33:20,894.continuous_stock.INFO Calling get_stock_price for {ticker}}
2023-07-31 15:33:21,221.continuous_stock.INFO Calling get_stock_price for {ticker}}
2023-07-31 15:33:21,857.continuous_stock.INFO Calling get_stock_price for {ticker}}
2023-07-31 15:33:22,263.continuous_stock.INFO Calling get_stock_price for {ticker}}
2023-07-31 15:33:22,589.continuous_stock.INFO Saving stocks to C:\Users\MattGoeckel\OneDrive\Documents\Northwest Missouri State\Continuous Intelligence\Module 5\cintel-05-live-updates\data\mtcars_stock.csv
2023-07-31 15:34:22,585.continuous_stock.INFO Calling get_stock_price for {ticker}}
2023-07-31 15:34:25,475.continuous_stock.INFO Calling get_stock_price for {ticker}}
2023-07-31 15:34:25,909.continuous_stock.INFO Calling get_stock_price for {ticker}}
2023-07-31 15:34:26,310.continuous_stock.INFO Calling get_stock_price for {ticker}}
2023-07-31 15:34:26,594.continuous_stock.INFO Calling get_stock_price for {ticker}}
2023-07-31 15:34:26,973.continuous_stock.INFO Saving stocks to C:\Users\MattGoeckel\OneDrive\Documents\Northwest Missouri State\Continuous Intelligence\Module 5\cintel-05-live-updates\data\mtcars_stock.csv
2023-07-31 15:35:26,966.continuous_stock.INFO Calling get_stock_price for {ticker}}
2023-07-31 15:35:27,164.continuous_stock.INFO Calling get_stock_price for {ticker}}
2023-07-31 15:35:27,448.continuous_stock.INFO Calling get_stock_price for {ticker}}
2023-07-31 15:35:27,680.continuous_stock.INFO Calling get_stock_price for {ticker}}
2023-07-31 15:35:27,931.continuous_stock.INFO Calling get_stock_price for {ticker}}
2023-07-31 15:35:28,214.continuous_stock.INFO Saving stocks to C:\Users\MattGoeckel\OneDrive\Documents\Northwest Missouri State\Continuous Intelligence\Module 5\cintel-05-live-updates\data\mtcars_stock.csv
2023-07-31 15:36:28,213.continuous_stock.INFO Calling get_stock_price for {ticker}}
2023-07-31 15:36:28,445.continuous_stock.INFO Calling get_stock_price for {ticker}}
2023-07-31 15:36:28,638.continuous_stock.INFO Calling get_stock_price for {ticker}}
2023-07-31 15:36:28,894.continuous_stock.INFO Calling get_stock_price for {ticker}}
2023-07-31 15:36:29,054.continuous_stock.INFO Calling get_stock_price for {ticker}}
2023-07-31 15:36:29,257.continuous_stock.INFO Saving stocks to C:\Users\MattGoeckel\OneDrive\Documents\Northwest Missouri State\Continuous Intelligence\Module 5\cintel-05-live-updates\data\mtcars_stock.csv
2023-07-31 15:37:29,266.continuous_stock.INFO Calling get_stock_price for {ticker}}
2023-07-31 15:37:29,520.continuous_stock.INFO Calling get_stock_price for {ticker}}
2023-07-31 15:37:29,887.continuous_stock.INFO Calling get_stock_price for {ticker}}
2023-07-31 15:37:30,573.continuous_stock.INFO Calling get_stock_price for {ticker}}
2023-07-31 15:37:30,745.continuous_stock.INFO Calling get_stock_price for {ticker}}
2023-07-31 15:37:30,948.continuous_stock.INFO Saving stocks to C:\Users\MattGoeckel\OneDrive\Documents\Northwest Missouri State\Continuous Intelligence\Module 5\cintel-05-live-updates\data\mtcars_stock.csv
