2023-07-31 15:17:47,301.mtcars_server.INFO =============================================================
2023-07-31 15:17:47,301.mtcars_server.INFO Today is 2023-07-31 at 03:17 PM
2023-07-31 15:17:47,302.mtcars_server.INFO This file is running on: nt Windows 10
2023-07-31 15:17:47,302.mtcars_server.INFO The Python version is: 3.11.4
2023-07-31 15:17:47,303.mtcars_server.INFO The active environment path is:   C:\Users\MattGoeckel\AppData\Local\anaconda\envs\cint
2023-07-31 15:17:47,303.mtcars_server.INFO The current working directory is: C:\Users\MattGoeckel\OneDrive\Documents\Northwest Missouri State\Continuous Intelligence\Module 5\cintel-05-live-updates
2023-07-31 15:17:47,303.mtcars_server.INFO =============================================================
2023-07-31 15:17:55,961.mtcars_server.DEBUG filter message: Showing 32 of 32 records
2023-07-31 15:17:56,048.mtcars_server.INFO Starting mtcars_output_widget1
2023-07-31 15:17:56,680.mtcars_server.INFO Starting mtcars_plot1
2023-07-31 15:17:58,041.mtcars_server.INFO READING df from C:\Users\MattGoeckel\OneDrive\Documents\Northwest Missouri State\Continuous Intelligence\Module 5\cintel-05-live-updates\data\mtcars_location.csv
2023-07-31 15:17:58,043.mtcars_server.INFO READING df len 3
2023-07-31 15:17:58,043.mtcars_server.INFO init reactive_temp_df len: 3
2023-07-31 15:17:58,044.mtcars_server.INFO mtcars_temperature_location_string starting
2023-07-31 15:17:58,045.mtcars_server.INFO Recent Temperature in F for ELY MN.
Updated once per minute for 15 minutes.
Keeps the most recent 10 minutes of data.
2023-07-31 15:17:58,048.mtcars_server.INFO Rendering TEMP table with 1 rows
2023-07-31 15:17:58,051.mtcars_server.INFO Rendering TEMP chart with 1 points
2023-07-31 15:17:58,124.mtcars_server.INFO READING df from C:\Users\MattGoeckel\OneDrive\Documents\Northwest Missouri State\Continuous Intelligence\Module 5\cintel-05-live-updates\data\mtcars_stock.csv
2023-07-31 15:17:58,126.mtcars_server.INFO READING df len 5
2023-07-31 15:17:58,126.mtcars_server.INFO init reactive_stock_df len: 5
2023-07-31 15:17:58,128.mtcars_server.INFO mtcars_stock_string starting
2023-07-31 15:17:58,128.mtcars_server.INFO Recent Price of stock for Nike Inc.
Updated once per minute for 15 minutes.
Keeps the most recent 10 minutes of data.
2023-07-31 15:17:58,130.mtcars_server.INFO Rendering price table with 1 rows
2023-07-31 15:17:58,134.mtcars_server.INFO Rendering price chart with 1 points
2023-07-31 15:17:59,931.mtcars_server.INFO READING df from C:\Users\MattGoeckel\OneDrive\Documents\Northwest Missouri State\Continuous Intelligence\Module 5\cintel-05-live-updates\data\mtcars_location.csv
2023-07-31 15:17:59,935.mtcars_server.INFO READING df len 3
2023-07-31 15:17:59,937.mtcars_server.INFO Rendering TEMP table with 1 rows
2023-07-31 15:17:59,942.mtcars_server.INFO Rendering TEMP chart with 1 points
2023-07-31 15:18:00,017.mtcars_server.INFO READING df from C:\Users\MattGoeckel\OneDrive\Documents\Northwest Missouri State\Continuous Intelligence\Module 5\cintel-05-live-updates\data\mtcars_stock.csv
2023-07-31 15:18:00,020.mtcars_server.INFO READING df len 5
2023-07-31 15:18:00,021.mtcars_server.INFO Rendering price table with 1 rows
2023-07-31 15:18:00,024.mtcars_server.INFO Rendering price chart with 1 points
2023-07-31 15:18:58,919.mtcars_server.INFO READING df from C:\Users\MattGoeckel\OneDrive\Documents\Northwest Missouri State\Continuous Intelligence\Module 5\cintel-05-live-updates\data\mtcars_location.csv
2023-07-31 15:18:58,921.mtcars_server.INFO READING df len 6
2023-07-31 15:18:58,923.mtcars_server.INFO Rendering TEMP table with 2 rows
2023-07-31 15:18:58,928.mtcars_server.INFO Rendering TEMP chart with 2 points
2023-07-31 15:19:01,432.mtcars_server.INFO READING df from C:\Users\MattGoeckel\OneDrive\Documents\Northwest Missouri State\Continuous Intelligence\Module 5\cintel-05-live-updates\data\mtcars_stock.csv
2023-07-31 15:19:01,435.mtcars_server.INFO READING df len 10
2023-07-31 15:19:01,435.mtcars_server.INFO Rendering price table with 2 rows
2023-07-31 15:19:01,439.mtcars_server.INFO Rendering price chart with 2 points
2023-07-31 15:19:58,467.mtcars_server.INFO READING df from C:\Users\MattGoeckel\OneDrive\Documents\Northwest Missouri State\Continuous Intelligence\Module 5\cintel-05-live-updates\data\mtcars_location.csv
2023-07-31 15:19:58,470.mtcars_server.INFO READING df len 9
2023-07-31 15:19:58,471.mtcars_server.INFO Rendering TEMP table with 3 rows
2023-07-31 15:19:58,476.mtcars_server.INFO Rendering TEMP chart with 3 points
2023-07-31 15:20:02,848.mtcars_server.INFO READING df from C:\Users\MattGoeckel\OneDrive\Documents\Northwest Missouri State\Continuous Intelligence\Module 5\cintel-05-live-updates\data\mtcars_stock.csv
2023-07-31 15:20:02,850.mtcars_server.INFO READING df len 10
2023-07-31 15:20:02,851.mtcars_server.INFO Rendering price table with 2 rows
2023-07-31 15:20:02,856.mtcars_server.INFO Rendering price chart with 2 points
2023-07-31 15:20:50,213.mtcars_server.INFO Starting mtcars_plot1
2023-07-31 15:20:59,048.mtcars_server.INFO READING df from C:\Users\MattGoeckel\OneDrive\Documents\Northwest Missouri State\Continuous Intelligence\Module 5\cintel-05-live-updates\data\mtcars_location.csv
2023-07-31 15:20:59,050.mtcars_server.INFO READING df len 10
2023-07-31 15:20:59,051.mtcars_server.INFO Rendering TEMP table with 3 rows
2023-07-31 15:20:59,054.mtcars_server.INFO Rendering TEMP chart with 3 points
2023-07-31 15:21:04,618.mtcars_server.INFO READING df from C:\Users\MattGoeckel\OneDrive\Documents\Northwest Missouri State\Continuous Intelligence\Module 5\cintel-05-live-updates\data\mtcars_stock.csv
2023-07-31 15:21:04,621.mtcars_server.INFO READING df len 10
2023-07-31 15:21:04,622.mtcars_server.INFO Rendering price table with 2 rows
2023-07-31 15:21:04,627.mtcars_server.INFO Rendering price chart with 2 points
2023-07-31 15:21:58,630.mtcars_server.INFO READING df from C:\Users\MattGoeckel\OneDrive\Documents\Northwest Missouri State\Continuous Intelligence\Module 5\cintel-05-live-updates\data\mtcars_location.csv
2023-07-31 15:21:58,634.mtcars_server.INFO READING df len 10
2023-07-31 15:21:58,635.mtcars_server.INFO Rendering TEMP table with 3 rows
2023-07-31 15:21:58,640.mtcars_server.INFO Rendering TEMP chart with 3 points
2023-07-31 15:22:05,953.mtcars_server.INFO READING df from C:\Users\MattGoeckel\OneDrive\Documents\Northwest Missouri State\Continuous Intelligence\Module 5\cintel-05-live-updates\data\mtcars_stock.csv
2023-07-31 15:22:05,955.mtcars_server.INFO READING df len 10
2023-07-31 15:22:05,955.mtcars_server.INFO Rendering price table with 2 rows
2023-07-31 15:22:05,958.mtcars_server.INFO Rendering price chart with 2 points
2023-07-31 15:22:59,014.mtcars_server.INFO READING df from C:\Users\MattGoeckel\OneDrive\Documents\Northwest Missouri State\Continuous Intelligence\Module 5\cintel-05-live-updates\data\mtcars_location.csv
2023-07-31 15:22:59,016.mtcars_server.INFO READING df len 10
2023-07-31 15:22:59,017.mtcars_server.INFO Rendering TEMP table with 3 rows
2023-07-31 15:22:59,020.mtcars_server.INFO Rendering TEMP chart with 3 points
2023-07-31 15:23:08,060.mtcars_server.INFO READING df from C:\Users\MattGoeckel\OneDrive\Documents\Northwest Missouri State\Continuous Intelligence\Module 5\cintel-05-live-updates\data\mtcars_stock.csv
2023-07-31 15:23:08,062.mtcars_server.INFO READING df len 10
2023-07-31 15:23:08,062.mtcars_server.INFO Rendering price table with 2 rows
2023-07-31 15:23:08,065.mtcars_server.INFO Rendering price chart with 2 points
2023-07-31 15:23:59,136.mtcars_server.INFO READING df from C:\Users\MattGoeckel\OneDrive\Documents\Northwest Missouri State\Continuous Intelligence\Module 5\cintel-05-live-updates\data\mtcars_location.csv
2023-07-31 15:23:59,139.mtcars_server.INFO READING df len 10
2023-07-31 15:23:59,140.mtcars_server.INFO Rendering TEMP table with 3 rows
2023-07-31 15:23:59,146.mtcars_server.INFO Rendering TEMP chart with 3 points
2023-07-31 15:24:00,237.mtcars_server.INFO Starting mtcars_plot1
2023-07-31 15:24:09,580.mtcars_server.INFO READING df from C:\Users\MattGoeckel\OneDrive\Documents\Northwest Missouri State\Continuous Intelligence\Module 5\cintel-05-live-updates\data\mtcars_stock.csv
2023-07-31 15:24:09,582.mtcars_server.INFO READING df len 10
2023-07-31 15:24:09,583.mtcars_server.INFO Rendering price table with 2 rows
2023-07-31 15:24:09,585.mtcars_server.INFO Rendering price chart with 2 points
2023-07-31 15:24:43,991.mtcars_server.INFO Starting mtcars_plot1
2023-07-31 15:24:58,679.mtcars_server.INFO READING df from C:\Users\MattGoeckel\OneDrive\Documents\Northwest Missouri State\Continuous Intelligence\Module 5\cintel-05-live-updates\data\mtcars_location.csv
2023-07-31 15:24:58,682.mtcars_server.INFO READING df len 10
2023-07-31 15:24:58,682.mtcars_server.INFO Rendering TEMP table with 3 rows
2023-07-31 15:24:58,686.mtcars_server.INFO Rendering TEMP chart with 3 points
2023-07-31 15:25:10,761.mtcars_server.INFO READING df from C:\Users\MattGoeckel\OneDrive\Documents\Northwest Missouri State\Continuous Intelligence\Module 5\cintel-05-live-updates\data\mtcars_stock.csv
2023-07-31 15:25:10,763.mtcars_server.INFO READING df len 10
2023-07-31 15:25:10,764.mtcars_server.INFO Rendering price table with 2 rows
2023-07-31 15:25:10,766.mtcars_server.INFO Rendering price chart with 2 points
2023-07-31 15:25:58,886.mtcars_server.INFO READING df from C:\Users\MattGoeckel\OneDrive\Documents\Northwest Missouri State\Continuous Intelligence\Module 5\cintel-05-live-updates\data\mtcars_location.csv
2023-07-31 15:25:58,888.mtcars_server.INFO READING df len 10
2023-07-31 15:25:58,889.mtcars_server.INFO Rendering TEMP table with 3 rows
2023-07-31 15:25:58,892.mtcars_server.INFO Rendering TEMP chart with 3 points
2023-07-31 15:26:12,138.mtcars_server.INFO READING df from C:\Users\MattGoeckel\OneDrive\Documents\Northwest Missouri State\Continuous Intelligence\Module 5\cintel-05-live-updates\data\mtcars_stock.csv
2023-07-31 15:26:12,140.mtcars_server.INFO READING df len 10
2023-07-31 15:26:12,141.mtcars_server.INFO Rendering price table with 2 rows
2023-07-31 15:26:12,144.mtcars_server.INFO Rendering price chart with 2 points
2023-07-31 15:26:59,221.mtcars_server.INFO READING df from C:\Users\MattGoeckel\OneDrive\Documents\Northwest Missouri State\Continuous Intelligence\Module 5\cintel-05-live-updates\data\mtcars_location.csv
2023-07-31 15:26:59,223.mtcars_server.INFO READING df len 10
2023-07-31 15:26:59,224.mtcars_server.INFO Rendering TEMP table with 3 rows
2023-07-31 15:26:59,227.mtcars_server.INFO Rendering TEMP chart with 3 points
2023-07-31 15:27:13,762.mtcars_server.INFO READING df from C:\Users\MattGoeckel\OneDrive\Documents\Northwest Missouri State\Continuous Intelligence\Module 5\cintel-05-live-updates\data\mtcars_stock.csv
2023-07-31 15:27:13,764.mtcars_server.INFO READING df len 10
2023-07-31 15:27:13,765.mtcars_server.INFO Rendering price table with 2 rows
2023-07-31 15:27:13,768.mtcars_server.INFO Rendering price chart with 2 points
2023-07-31 15:27:27,298.mtcars_server.INFO init reactive_stock_df len: 10
2023-07-31 15:27:27,299.mtcars_server.INFO mtcars_stock_string starting
2023-07-31 15:27:27,299.mtcars_server.INFO Recent Price of stock for Wolverine World Wide Inc.
Updated once per minute for 15 minutes.
Keeps the most recent 10 minutes of data.
2023-07-31 15:27:27,302.mtcars_server.INFO Rendering price table with 2 rows
2023-07-31 15:27:27,305.mtcars_server.INFO Rendering price chart with 2 points
2023-07-31 15:27:32,754.mtcars_server.INFO init reactive_stock_df len: 10
2023-07-31 15:27:32,754.mtcars_server.INFO mtcars_stock_string starting
2023-07-31 15:27:32,755.mtcars_server.INFO Recent Price of stock for Lululemon Athletica Inc.
Updated once per minute for 15 minutes.
Keeps the most recent 10 minutes of data.
2023-07-31 15:27:32,756.mtcars_server.INFO Rendering price table with 2 rows
2023-07-31 15:27:32,759.mtcars_server.INFO Rendering price chart with 2 points
2023-07-31 15:27:38,360.mtcars_server.INFO init reactive_stock_df len: 10
2023-07-31 15:27:38,361.mtcars_server.INFO mtcars_stock_string starting
2023-07-31 15:27:38,361.mtcars_server.INFO Recent Price of stock for Under Armour Inc.
Updated once per minute for 15 minutes.
Keeps the most recent 10 minutes of data.
2023-07-31 15:27:38,363.mtcars_server.INFO Rendering price table with 2 rows
2023-07-31 15:27:38,366.mtcars_server.INFO Rendering price chart with 2 points
2023-07-31 15:27:43,746.mtcars_server.INFO init reactive_stock_df len: 10
2023-07-31 15:27:43,747.mtcars_server.INFO mtcars_stock_string starting
2023-07-31 15:27:43,747.mtcars_server.INFO Recent Price of stock for On Holding AG.
Updated once per minute for 15 minutes.
Keeps the most recent 10 minutes of data.
2023-07-31 15:27:43,748.mtcars_server.INFO Rendering price table with 2 rows
2023-07-31 15:27:43,752.mtcars_server.INFO Rendering price chart with 2 points
2023-07-31 15:28:05,290.mtcars_server.INFO Starting mtcars_plot1
2023-07-31 15:29:15,200.mtcars_server.INFO READING df from C:\Users\MattGoeckel\OneDrive\Documents\Northwest Missouri State\Continuous Intelligence\Module 5\cintel-05-live-updates\data\mtcars_location.csv
2023-07-31 15:29:15,202.mtcars_server.INFO READING df len 3
2023-07-31 15:29:15,203.mtcars_server.INFO Rendering TEMP table with 1 rows
2023-07-31 15:29:15,206.mtcars_server.INFO Rendering TEMP chart with 1 points
2023-07-31 15:29:15,273.mtcars_server.INFO READING df from C:\Users\MattGoeckel\OneDrive\Documents\Northwest Missouri State\Continuous Intelligence\Module 5\cintel-05-live-updates\data\mtcars_stock.csv
2023-07-31 15:29:15,275.mtcars_server.INFO READING df len 5
2023-07-31 15:29:15,276.mtcars_server.INFO Rendering price table with 1 rows
2023-07-31 15:29:15,278.mtcars_server.INFO Rendering price chart with 1 points
2023-07-31 15:30:14,241.mtcars_server.INFO READING df from C:\Users\MattGoeckel\OneDrive\Documents\Northwest Missouri State\Continuous Intelligence\Module 5\cintel-05-live-updates\data\mtcars_location.csv
2023-07-31 15:30:14,243.mtcars_server.INFO READING df len 6
2023-07-31 15:30:14,244.mtcars_server.INFO Rendering TEMP table with 2 rows
2023-07-31 15:30:14,246.mtcars_server.INFO Rendering TEMP chart with 2 points
2023-07-31 15:30:16,665.mtcars_server.INFO READING df from C:\Users\MattGoeckel\OneDrive\Documents\Northwest Missouri State\Continuous Intelligence\Module 5\cintel-05-live-updates\data\mtcars_stock.csv
2023-07-31 15:30:16,667.mtcars_server.INFO READING df len 10
2023-07-31 15:30:16,668.mtcars_server.INFO Rendering price table with 2 rows
2023-07-31 15:30:16,671.mtcars_server.INFO Rendering price chart with 2 points
2023-07-31 15:31:14,738.mtcars_server.INFO READING df from C:\Users\MattGoeckel\OneDrive\Documents\Northwest Missouri State\Continuous Intelligence\Module 5\cintel-05-live-updates\data\mtcars_location.csv
2023-07-31 15:31:14,740.mtcars_server.INFO READING df len 9
2023-07-31 15:31:14,741.mtcars_server.INFO Rendering TEMP table with 3 rows
2023-07-31 15:31:14,744.mtcars_server.INFO Rendering TEMP chart with 3 points
2023-07-31 15:31:18,566.mtcars_server.INFO READING df from C:\Users\MattGoeckel\OneDrive\Documents\Northwest Missouri State\Continuous Intelligence\Module 5\cintel-05-live-updates\data\mtcars_stock.csv
2023-07-31 15:31:18,568.mtcars_server.INFO READING df len 10
2023-07-31 15:31:18,569.mtcars_server.INFO Rendering price table with 2 rows
2023-07-31 15:31:18,572.mtcars_server.INFO Rendering price chart with 2 points
2023-07-31 15:32:14,555.mtcars_server.INFO READING df from C:\Users\MattGoeckel\OneDrive\Documents\Northwest Missouri State\Continuous Intelligence\Module 5\cintel-05-live-updates\data\mtcars_location.csv
2023-07-31 15:32:14,557.mtcars_server.INFO READING df len 10
2023-07-31 15:32:14,557.mtcars_server.INFO Rendering TEMP table with 3 rows
2023-07-31 15:32:14,560.mtcars_server.INFO Rendering TEMP chart with 3 points
2023-07-31 15:32:19,929.mtcars_server.INFO READING df from C:\Users\MattGoeckel\OneDrive\Documents\Northwest Missouri State\Continuous Intelligence\Module 5\cintel-05-live-updates\data\mtcars_stock.csv
2023-07-31 15:32:19,931.mtcars_server.INFO READING df len 10
2023-07-31 15:32:19,932.mtcars_server.INFO Rendering price table with 2 rows
2023-07-31 15:32:19,935.mtcars_server.INFO Rendering price chart with 2 points
2023-07-31 15:33:07,382.mtcars_server.INFO Starting mtcars_plot1
2023-07-31 15:33:14,101.mtcars_server.INFO READING df from C:\Users\MattGoeckel\OneDrive\Documents\Northwest Missouri State\Continuous Intelligence\Module 5\cintel-05-live-updates\data\mtcars_location.csv
2023-07-31 15:33:14,103.mtcars_server.INFO READING df len 10
2023-07-31 15:33:14,104.mtcars_server.INFO Rendering TEMP table with 3 rows
2023-07-31 15:33:14,107.mtcars_server.INFO Rendering TEMP chart with 3 points
2023-07-31 15:33:22,592.mtcars_server.INFO READING df from C:\Users\MattGoeckel\OneDrive\Documents\Northwest Missouri State\Continuous Intelligence\Module 5\cintel-05-live-updates\data\mtcars_stock.csv
2023-07-31 15:33:22,594.mtcars_server.INFO READING df len 10
2023-07-31 15:33:22,595.mtcars_server.INFO Rendering price table with 2 rows
2023-07-31 15:33:22,597.mtcars_server.INFO Rendering price chart with 2 points
2023-07-31 15:34:14,684.mtcars_server.INFO READING df from C:\Users\MattGoeckel\OneDrive\Documents\Northwest Missouri State\Continuous Intelligence\Module 5\cintel-05-live-updates\data\mtcars_location.csv
2023-07-31 15:34:14,686.mtcars_server.INFO READING df len 10
2023-07-31 15:34:14,687.mtcars_server.INFO Rendering TEMP table with 3 rows
2023-07-31 15:34:14,689.mtcars_server.INFO Rendering TEMP chart with 3 points
2023-07-31 15:34:26,977.mtcars_server.INFO READING df from C:\Users\MattGoeckel\OneDrive\Documents\Northwest Missouri State\Continuous Intelligence\Module 5\cintel-05-live-updates\data\mtcars_stock.csv
2023-07-31 15:34:26,978.mtcars_server.INFO READING df len 10
2023-07-31 15:34:26,979.mtcars_server.INFO Rendering price table with 2 rows
2023-07-31 15:34:26,981.mtcars_server.INFO Rendering price chart with 2 points
2023-07-31 15:35:14,054.mtcars_server.INFO READING df from C:\Users\MattGoeckel\OneDrive\Documents\Northwest Missouri State\Continuous Intelligence\Module 5\cintel-05-live-updates\data\mtcars_location.csv
2023-07-31 15:35:14,055.mtcars_server.INFO READING df len 10
2023-07-31 15:35:14,056.mtcars_server.INFO Rendering TEMP table with 3 rows
2023-07-31 15:35:14,059.mtcars_server.INFO Rendering TEMP chart with 3 points
2023-07-31 15:35:28,217.mtcars_server.INFO READING df from C:\Users\MattGoeckel\OneDrive\Documents\Northwest Missouri State\Continuous Intelligence\Module 5\cintel-05-live-updates\data\mtcars_stock.csv
2023-07-31 15:35:28,219.mtcars_server.INFO READING df len 10
2023-07-31 15:35:28,221.mtcars_server.INFO Rendering price table with 2 rows
2023-07-31 15:35:28,223.mtcars_server.INFO Rendering price chart with 2 points
2023-07-31 15:36:14,302.mtcars_server.INFO READING df from C:\Users\MattGoeckel\OneDrive\Documents\Northwest Missouri State\Continuous Intelligence\Module 5\cintel-05-live-updates\data\mtcars_location.csv
2023-07-31 15:36:14,305.mtcars_server.INFO READING df len 10
2023-07-31 15:36:14,306.mtcars_server.INFO Rendering TEMP table with 3 rows
2023-07-31 15:36:14,309.mtcars_server.INFO Rendering TEMP chart with 3 points
2023-07-31 15:36:29,262.mtcars_server.INFO READING df from C:\Users\MattGoeckel\OneDrive\Documents\Northwest Missouri State\Continuous Intelligence\Module 5\cintel-05-live-updates\data\mtcars_stock.csv
2023-07-31 15:36:29,265.mtcars_server.INFO READING df len 10
2023-07-31 15:36:29,266.mtcars_server.INFO Rendering price table with 2 rows
2023-07-31 15:36:29,270.mtcars_server.INFO Rendering price chart with 2 points
2023-07-31 15:37:14,286.mtcars_server.INFO READING df from C:\Users\MattGoeckel\OneDrive\Documents\Northwest Missouri State\Continuous Intelligence\Module 5\cintel-05-live-updates\data\mtcars_location.csv
2023-07-31 15:37:14,288.mtcars_server.INFO READING df len 10
2023-07-31 15:37:14,289.mtcars_server.INFO Rendering TEMP table with 3 rows
2023-07-31 15:37:14,292.mtcars_server.INFO Rendering TEMP chart with 3 points
2023-07-31 15:37:30,952.mtcars_server.INFO READING df from C:\Users\MattGoeckel\OneDrive\Documents\Northwest Missouri State\Continuous Intelligence\Module 5\cintel-05-live-updates\data\mtcars_stock.csv
2023-07-31 15:37:30,954.mtcars_server.INFO READING df len 10
2023-07-31 15:37:30,956.mtcars_server.INFO Rendering price table with 2 rows
2023-07-31 15:37:30,962.mtcars_server.INFO Rendering price chart with 2 points
